container-delete bay_amq_d24_out_audit
container-delete bay_amq_d24_out_biobkr
container-delete bay_amq_d24_out_bkr
container-delete bay_cml_d24_out_ad
container-delete bay_cml_d24_out_oe
container-delete bay_cml_d24_out_oth
container-delete bay_cml_d24_out_rr
container-delete bay_amq_d25_out_audit
container-delete bay_amq_d25_out_biobkr
container-delete bay_amq_d25_out_bkr
container-delete bay_cml_d25_out_ad
container-delete bay_cml_d25_out_oe
container-delete bay_cml_d25_out_oth
container-delete bay_cml_d25_out_rr
container-delete bay_amq_d21_in_audit
container-delete bay_amq_d21_in_biobkr
container-delete bay_amq_d21_in_bkr
container-delete bay_cml_d21_in_ad
container-delete bay_cml_d21_in_oe
container-delete bay_cml_d21_in_oth
container-delete bay_cml_d21_in_rr
container-delete bay_amq_d20_in_audit
container-delete bay_amq_d20_in_biobkr
container-delete bay_amq_d20_in_bkr
container-delete bay_cml_d20_ansible_mgmt
container-delete bay_cml_d20_in_ad
container-delete bay_cml_d20_in_oe
container-delete bay_cml_d20_in_oth
container-delete bay_cml_d20_in_rr
container-delete bay_amq_d22_xlate_audit
container-delete bay_cml_d22_router_cat
container-delete bay_cml_d22_xlate_ad
container-delete bay_cml_d22_xlate_ebr2
container-delete bay_cml_d22_xlate_oe
container-delete bay_cml_d22_xlate_oth
container-delete bay_cml_d22_xlate_pcr2
container-delete bay_cml_d22_xlate_rr
container-delete bay_cml_d22_xlate_wbr2
container-delete bay_amq_d23_xlate_audit
container-delete bay_cml_d23_router_cat
container-delete bay_cml_d23_xlate_ad
container-delete bay_cml_d23_xlate_ebr2
container-delete bay_cml_d23_xlate_oe
container-delete bay_cml_d23_xlate_oth
container-delete bay_cml_d23_xlate_pcr2
container-delete bay_cml_d23_xlate_rr
container-delete bay_cml_d23_xlate_wbr2
container-delete val_amq_d25_out_audit
container-delete val_amq_d25_out_biobkr
container-delete val_amq_d25_out_bkr
container-delete val_cml_d25_out_ad
container-delete val_cml_d25_out_oe
container-delete val_cml_d25_out_oth
container-delete val_cml_d25_out_rr
container-delete val_amq_d24_out_audit
container-delete val_amq_d24_out_biobkr
container-delete val_amq_d24_out_bkr
container-delete val_cml_d24_out_ad
container-delete val_cml_d24_out_oe
container-delete val_cml_d24_out_oth
container-delete val_cml_d24_out_rr
container-delete val_amq_d21_in_audit
container-delete val_amq_d21_in_biobkr
container-delete val_amq_d21_in_bkr
container-delete val_cml_d21_in_ad
container-delete val_cml_d21_in_oe
container-delete val_cml_d21_in_oth
container-delete val_cml_d21_in_rr
container-delete val_amq_d20_in_audit
container-delete val_amq_d20_in_biobkr
container-delete val_amq_d20_in_bkr
container-delete val_cml_d20_in_ad
container-delete val_cml_d20_in_oe
container-delete val_cml_d20_in_oth
container-delete val_cml_d20_in_rr
container-delete val_amq_d23_xlate_audit
container-delete val_cml_d23_router_cat
container-delete val_cml_d23_xlate_ad
container-delete val_cml_d23_xlate_cvr2
container-delete val_cml_d23_xlate_oe
container-delete val_cml_d23_xlate_oth
container-delete val_cml_d23_xlate_rr
container-delete val_cml_d23_xlate_ssr2
container-delete val_amq_d22_xlate_audit
container-delete val_cml_d22_router_cat
container-delete val_cml_d22_xlate_ad
container-delete val_cml_d22_xlate_cvr2
container-delete val_cml_d22_xlate_oe
container-delete val_cml_d22_xlate_oth
container-delete val_cml_d22_xlate_rr
container-delete val_cml_d22_xlate_ssr2
container-delete ent_amq_d25_out_audit
container-delete ent_amq_d25_out_bkr
container-delete ent_amq_d25_out_catbkr
container-delete ent_amq_d25_out_epicbkr
container-delete ent_cml_d25_out_ad
container-delete ent_cml_d25_out_all
container-delete ent_cml_d25_out_cat
container-delete ent_cml_d25_out_oe
container-delete ent_cml_d25_out_oth
container-delete ent_cml_d25_out_rr
container-delete ent_amq_d24_out_audit
container-delete ent_amq_d24_out_bkr
container-delete ent_amq_d24_out_catbkr
container-delete ent_amq_d24_out_epicbkr
container-delete ent_cml_d24_out_ad
container-delete ent_cml_d24_out_all
container-delete ent_cml_d24_out_cat
container-delete ent_cml_d24_out_oe
container-delete ent_cml_d24_out_oth
container-delete ent_cml_d24_out_rr
container-delete ent_amq_d20_in_audit
container-delete ent_amq_d20_in_bkr
container-delete ent_amq_d20_in_catbkr
container-delete ent_amq_d20_in_epicbkr
container-delete ent_cml_d20_in_ad
container-delete ent_cml_d20_in_all
container-delete ent_cml_d20_in_cat
container-delete ent_cml_d20_in_oe
container-delete ent_cml_d20_in_oth
container-delete ent_cml_d20_in_rr
container-delete ent_amq_d21_in_audit
container-delete ent_amq_d21_in_bkr
container-delete ent_amq_d21_in_catbkr
container-delete ent_amq_d21_in_epicbkr
container-delete ent_cml_d21_in_ad
container-delete ent_cml_d21_in_all
container-delete ent_cml_d21_in_cat
container-delete ent_cml_d21_in_oe
container-delete ent_cml_d21_in_oth
container-delete ent_cml_d21_in_rr
container-delete ent_amq_d22_xlate_audit
container-delete ent_cml_d22_cbr_bay
container-delete ent_cml_d22_cbr_bay2
container-delete ent_cml_d22_cbr_val
container-delete ent_cml_d22_cbr_val2
container-delete ent_cml_d22_cbr_xrr
container-delete ent_cml_d22_router_cat
container-delete ent_cml_d22_xlate_all
container-delete ent_cml_d22_xlate_cat
container-delete ent_amq_d23_xlate_audit
container-delete ent_cml_d23_cbr_bay
container-delete ent_cml_d23_cbr_bay2
container-delete ent_cml_d23_cbr_val
container-delete ent_cml_d23_cbr_val2
container-delete ent_cml_d23_cbr_xrr
container-delete ent_cml_d23_router_cat
container-delete ent_cml_d23_xlate_all
container-delete ent_cml_d23_xlate_cat
	
